Release 14.4 - xst P.49d (nt64)
Copyright (c) 1995-2012 Xilinx, Inc.  All rights reserved.
--> Parameter TMPDIR set to xst/projnav.tmp


Total REAL time to Xst completion: 0.00 secs
Total CPU time to Xst completion: 0.07 secs
 
--> Parameter xsthdpdir set to xst


Total REAL time to Xst completion: 0.00 secs
Total CPU time to Xst completion: 0.07 secs
 
--> Reading design: counter.prj

TABLE OF CONTENTS
  1) Synthesis Options Summary
  2) HDL Parsing
  3) HDL Elaboration
  4) HDL Synthesis
       4.1) HDL Synthesis Report
  5) Advanced HDL Synthesis
       5.1) Advanced HDL Synthesis Report
  6) Low Level Synthesis
  7) Partition Report
  8) Design Summary
       8.1) Primitive and Black Box Usage
       8.2) Device utilization summary
       8.3) Partition Resource Summary
       8.4) Timing Report
            8.4.1) Clock Information
            8.4.2) Asynchronous Control Signals Information
            8.4.3) Timing Summary
            8.4.4) Timing Details
            8.4.5) Cross Clock Domains Report


=========================================================================
*                      Synthesis Options Summary                        *
=========================================================================
---- Source Parameters
Input File Name                    : "counter.prj"
Ignore Synthesis Constraint File   : NO

---- Target Parameters
Output File Name                   : "counter"
Output Format                      : NGC
Target Device                      : xc6slx16-3-csg324

---- Source Options
Top Module Name                    : counter
Automatic FSM Extraction           : YES
FSM Encoding Algorithm             : Auto
Safe Implementation                : No
FSM Style                          : LUT
RAM Extraction                     : Yes
RAM Style                          : Auto
ROM Extraction                     : Yes
Shift Register Extraction          : YES
ROM Style                          : Auto
Resource Sharing                   : YES
Asynchronous To Synchronous        : NO
Shift Register Minimum Size        : 2
Use DSP Block                      : Auto
Automatic Register Balancing       : No

---- Target Options
LUT Combining                      : Auto
Reduce Control Sets                : Auto
Add IO Buffers                     : YES
Global Maximum Fanout              : 100000
Add Generic Clock Buffer(BUFG)     : 16
Register Duplication               : YES
Optimize Instantiated Primitives   : NO
Use Clock Enable                   : Auto
Use Synchronous Set                : Auto
Use Synchronous Reset              : Auto
Pack IO Registers into IOBs        : Auto
Equivalent register Removal        : YES

---- General Options
Optimization Goal                  : Speed
Optimization Effort                : 1
Power Reduction                    : NO
Keep Hierarchy                     : No
Netlist Hierarchy                  : As_Optimized
RTL Output                         : Yes
Global Optimization                : AllClockNets
Read Cores                         : YES
Write Timing Constraints           : NO
Cross Clock Analysis               : NO
Hierarchy Separator                : /
Bus Delimiter                      : <>
Case Specifier                     : Maintain
Slice Utilization Ratio            : 100
BRAM Utilization Ratio             : 100
DSP48 Utilization Ratio            : 100
Auto BRAM Packing                  : NO
Slice Utilization Ratio Delta      : 5

=========================================================================


=========================================================================
*                          HDL Parsing                                  *
=========================================================================
Parsing VHDL file "C:\Users\seb\Google Drive\UA\S-Elektronica 1\digitale technieken\practicum\Klok\counter.vhd" into library work
Parsing entity <counter>.
Parsing architecture <Behavioral> of entity <counter>.

=========================================================================
*                            HDL Elaboration                            *
=========================================================================

Elaborating entity <counter> (architecture <Behavioral>) with generics from library <work>.

=========================================================================
*                           HDL Synthesis                               *
=========================================================================

Synthesizing Unit <counter>.
    Related source file is "C:\Users\seb\Google Drive\UA\S-Elektronica 1\digitale technieken\practicum\Klok\counter.vhd".
        max = 60
        min = 0
    Found 6-bit register for signal <count>.
    Found 6-bit adder for signal <cntr.count_v[5]_GND_4_o_add_4_OUT> created at line 74.
    Found 6-bit subtractor for signal <GND_4_o_GND_4_o_sub_2_OUT<5:0>> created at line 65.
    Found 6-bit comparator lessequal for signal <cntr.count_v[5]_PWR_4_o_LessThan_4_o> created at line 73
    Summary:
	inferred   1 Adder/Subtractor(s).
	inferred   6 D-type flip-flop(s).
	inferred   1 Comparator(s).
	inferred   5 Multiplexer(s).
Unit <counter> synthesized.

=========================================================================
HDL Synthesis Report

Macro Statistics
# Adders/Subtractors                                   : 1
 6-bit addsub                                          : 1
# Registers                                            : 1
 6-bit register                                        : 1
# Comparators                                          : 1
 6-bit comparator lessequal                            : 1
# Multiplexers                                         : 5
 6-bit 2-to-1 multiplexer                              : 5

=========================================================================
INFO:Xst:1767 - HDL ADVISOR - Resource sharing has identified that some arithmetic operations in this design can share the same physical resources for reduced device utilization. For improved clock frequency you may try to disable resource sharing.

=========================================================================
*                       Advanced HDL Synthesis                          *
=========================================================================


=========================================================================
Advanced HDL Synthesis Report

Macro Statistics
# Adders/Subtractors                                   : 1
 6-bit addsub                                          : 1
# Registers                                            : 6
 Flip-Flops                                            : 6
# Comparators                                          : 1
 6-bit comparator lessequal                            : 1
# Multiplexers                                         : 5
 6-bit 2-to-1 multiplexer                              : 5

=========================================================================

=========================================================================
*                         Low Level Synthesis                           *
=========================================================================

Optimizing unit <counter> ...

Mapping all equations...
Building and optimizing final netlist ...
Found area constraint ratio of 100 (+ 5) on block counter, actual ratio is 0.

Final Macro Processing ...

=========================================================================
Final Register Report

Macro Statistics
# Registers                                            : 6
 Flip-Flops                                            : 6

=========================================================================

=========================================================================
*                           Partition Report                            *
=========================================================================

Partition Implementation Status
-------------------------------

  No Partitions were found in this design.

-------------------------------

=========================================================================
*                            Design Summary                             *
=========================================================================

Top Level Output File Name         : counter.ngc

Primitive and Black Box Usage:
------------------------------
# BELS                             : 19
#      LUT2                        : 2
#      LUT3                        : 1
#      LUT4                        : 1
#      LUT5                        : 5
#      LUT6                        : 10
# FlipFlops/Latches                : 6
#      FD                          : 6
# Clock Buffers                    : 1
#      BUFGP                       : 1
# IO Buffers                       : 16
#      IBUF                        : 10
#      OBUF                        : 6

Device utilization summary:
---------------------------

Selected Device : 6slx16csg324-3 


Slice Logic Utilization: 
 Number of Slice Registers:               6  out of  18224     0%  
 Number of Slice LUTs:                   19  out of   9112     0%  
    Number used as Logic:                19  out of   9112     0%  

Slice Logic Distribution: 
 Number of LUT Flip Flop pairs used:     19
   Number with an unused Flip Flop:      13  out of     19    68%  
   Number with an unused LUT:             0  out of     19     0%  
   Number of fully used LUT-FF pairs:     6  out of     19    31%  
   Number of unique control sets:         1

IO Utilization: 
 Number of IOs:                          17
 Number of bonded IOBs:                  17  out of    232     7%  

Specific Feature Utilization:
 Number of BUFG/BUFGCTRLs:                1  out of     16     6%  

---------------------------
Partition Resource Summary:
---------------------------

  No Partitions were found in this design.

---------------------------


=========================================================================
Timing Report

NOTE: THESE TIMING NUMBERS ARE ONLY A SYNTHESIS ESTIMATE.
      FOR ACCURATE TIMING INFORMATION PLEASE REFER TO THE TRACE REPORT
      GENERATED AFTER PLACE-and-ROUTE.

Clock Information:
------------------
-----------------------------------+------------------------+-------+
Clock Signal                       | Clock buffer(FF name)  | Load  |
-----------------------------------+------------------------+-------+
clk                                | BUFGP                  | 6     |
-----------------------------------+------------------------+-------+

Asynchronous Control Signals Information:
----------------------------------------
No asynchronous control signals found in this design

Timing Summary:
---------------
Speed Grade: -3

   Minimum period: 3.613ns (Maximum Frequency: 276.805MHz)
   Minimum input arrival time before clock: 4.663ns
   Maximum output required time after clock: 3.900ns
   Maximum combinational path delay: No path found

Timing Details:
---------------
All values displayed in nanoseconds (ns)

=========================================================================
Timing constraint: Default period analysis for Clock 'clk'
  Clock period: 3.613ns (frequency: 276.805MHz)
  Total number of paths / destination ports: 66 / 6
-------------------------------------------------------------------------
Delay:               3.613ns (Levels of Logic = 3)
  Source:            cntr.count_v_2 (FF)
  Destination:       cntr.count_v_2 (FF)
  Source Clock:      clk rising
  Destination Clock: clk rising

  Data Path: cntr.count_v_2 to cntr.count_v_2
                                Gate     Net
    Cell:in->out      fanout   Delay   Delay  Logical Name (Net Name)
    ----------------------------------------  ------------
     FD:C->Q              10   0.447   1.085  cntr.count_v_2 (cntr.count_v_2)
     LUT3:I0->O            1   0.205   0.684  cntr.count_v[5]_data[5]_mux_9_OUT<2>2 (cntr.count_v[5]_data[5]_mux_9_OUT<2>2)
     LUT5:I3->O            1   0.203   0.684  cntr.count_v[5]_data[5]_mux_9_OUT<2>3 (cntr.count_v[5]_data[5]_mux_9_OUT<2>)
     LUT4:I2->O            1   0.203   0.000  cntr.count_v_2_rstpot (cntr.count_v_2_rstpot)
     FD:D                      0.102          cntr.count_v_2
    ----------------------------------------
    Total                      3.613ns (1.160ns logic, 2.453ns route)
                                       (32.1% logic, 67.9% route)

=========================================================================
Timing constraint: Default OFFSET IN BEFORE for Clock 'clk'
  Total number of paths / destination ports: 52 / 6
-------------------------------------------------------------------------
Offset:              4.663ns (Levels of Logic = 4)
  Source:            cten (PAD)
  Destination:       cntr.count_v_2 (FF)
  Destination Clock: clk rising

  Data Path: cten to cntr.count_v_2
                                Gate     Net
    Cell:in->out      fanout   Delay   Delay  Logical Name (Net Name)
    ----------------------------------------  ------------
     IBUF:I->O             8   1.222   1.147  cten_IBUF (cten_IBUF)
     LUT5:I0->O            3   0.203   0.651  Reset_OR_DriverANDClockEnable_SW0 (N01)
     LUT6:I5->O            4   0.205   0.931  Reset_OR_DriverANDClockEnable (Reset_OR_DriverANDClockEnable)
     LUT4:I0->O            1   0.203   0.000  cntr.count_v_2_rstpot (cntr.count_v_2_rstpot)
     FD:D                      0.102          cntr.count_v_2
    ----------------------------------------
    Total                      4.663ns (1.935ns logic, 2.728ns route)
                                       (41.5% logic, 58.5% route)

=========================================================================
Timing constraint: Default OFFSET OUT AFTER for Clock 'clk'
  Total number of paths / destination ports: 6 / 6
-------------------------------------------------------------------------
Offset:              3.900ns (Levels of Logic = 1)
  Source:            cntr.count_v_0 (FF)
  Destination:       count<0> (PAD)
  Source Clock:      clk rising

  Data Path: cntr.count_v_0 to count<0>
                                Gate     Net
    Cell:in->out      fanout   Delay   Delay  Logical Name (Net Name)
    ----------------------------------------  ------------
     FD:C->Q              11   0.447   0.882  cntr.count_v_0 (cntr.count_v_0)
     OBUF:I->O                 2.571          count_0_OBUF (count<0>)
    ----------------------------------------
    Total                      3.900ns (3.018ns logic, 0.882ns route)
                                       (77.4% logic, 22.6% route)

=========================================================================

Cross Clock Domains Report:
--------------------------

Clock to Setup on destination clock clk
---------------+---------+---------+---------+---------+
               | Src:Rise| Src:Fall| Src:Rise| Src:Fall|
Source Clock   |Dest:Rise|Dest:Rise|Dest:Fall|Dest:Fall|
---------------+---------+---------+---------+---------+
clk            |    3.613|         |         |         |
---------------+---------+---------+---------+---------+

=========================================================================


Total REAL time to Xst completion: 5.00 secs
Total CPU time to Xst completion: 5.36 secs
 
--> 

Total memory usage is 227448 kilobytes

Number of errors   :    0 (   0 filtered)
Number of warnings :    0 (   0 filtered)
Number of infos    :    1 (   0 filtered)

